Starting the monitoring daemon...
Inside arguments:
Starting the monitoring daemon...
topology tried to fetch a query!
topology tried to fetch a query!
User submitted a query!
a query is return to the topology!
0 pending queriesWaiting fot the query result!
topology tried to fetch a query!
Timeout!
User submitted a query!
Waiting fot the query result!
a query is return to the topology!
0 pending queriestopology tried to fetch a query!
Timeout!
User submitted a query!
Waiting fot the query result!
a query is return to the topology!
0 pending queriestopology tried to fetch a query!
Topology returns query result!
User submitted a query!
Waiting fot the query result!
a query is return to the topology!
0 pending queriestopology tried to fetch a query!
Topology returns query result!
User submitted a query!
Waiting fot the query result!
a query is return to the topology!
0 pending queriestopology tried to fetch a query!
Topology returns query result!
User submitted a query!
Waiting fot the query result!
a query is return to the topology!
0 pending queriestopology tried to fetch a query!
Topology returns query result!
User submitted a query!
Waiting fot the query result!
a query is return to the topology!
0 pending queriestopology tried to fetch a query!
Topology returns query result!
User submitted a query!
Waiting fot the query result!
a query is return to the topology!
0 pending queriestopology tried to fetch a query!
Topology returns query result!
User submitted a query!
Waiting fot the query result!
a query is return to the topology!
0 pending queriestopology tried to fetch a query!
Topology returns query result!
User submitted a query!
Waiting fot the query result!
a query is return to the topology!
0 pending queriestopology tried to fetch a query!
Topology returns query result!
User submitted a query!
Waiting fot the query result!
a query is return to the topology!
0 pending queriestopology tried to fetch a query!
Topology returns query result!
User submitted a query!
Waiting fot the query result!
a query is return to the topology!
0 pending queriestopology tried to fetch a query!
Topology returns query result!
User submitted a query!
Waiting fot the query result!
a query is return to the topology!
0 pending queriestopology tried to fetch a query!
Topology returns query result!
User submitted a query!
Waiting fot the query result!
a query is return to the topology!
0 pending queriestopology tried to fetch a query!
Topology returns query result!
